TN:
SF:src/app.ts
FNF:0
FNH:0
DA:7,1
DA:8,1
DA:9,1
DA:11,1
DA:12,1
LF:5
LH:5
BRF:0
BRH:0
end_of_record
TN:
SF:src/database.ts
FNF:0
FNH:0
DA:3,2
DA:4,2
LF:2
LH:2
BRF:0
BRH:0
end_of_record
TN:
SF:src/controllers/recommendationController.ts
FN:6,insert
FN:17,upvote
FN:25,downvote
FN:33,random
FN:39,get
FN:44,getTop
FN:51,getById
FNF:7
FNH:7
FNDA:5,insert
FNDA:1,upvote
FNDA:2,downvote
FNDA:2,random
FNDA:9,get
FNDA:1,getTop
FNDA:1,getById
DA:7,5
DA:8,5
DA:9,3
DA:12,2
DA:14,1
DA:18,1
DA:20,1
DA:22,1
DA:26,2
DA:28,2
DA:30,2
DA:34,2
DA:36,1
DA:40,9
DA:41,9
DA:45,1
DA:47,1
DA:48,1
DA:52,1
DA:54,1
DA:55,1
DA:58,1
LF:22
LH:22
BRDA:8,0,0,3
BRF:1
BRH:1
end_of_record
TN:
SF:src/middlewares/errorHandlerMiddleware.ts
FN:8,errorHandlerMiddleware
FNF:1
FNH:1
FNDA:5,errorHandlerMiddleware
DA:14,5
DA:16,5
DA:17,5
DA:20,0
LF:4
LH:3
BRDA:16,0,0,5
BRF:1
BRH:1
end_of_record
TN:
SF:src/repositories/recommendationRepository.ts
FN:5,create
FN:16,findAll
FN:26,getAmountByScore
FN:33,getFindAllFilter
FN:45,find
FN:51,findByName
FN:57,updateScore
FN:66,remove
FNF:8
FNH:8
FNDA:1,create
FNDA:14,findAll
FNDA:1,getAmountByScore
FNDA:14,getFindAllFilter
FNDA:4,find
FNDA:2,findByName
FNDA:3,updateScore
FNDA:1,remove
DA:6,1
DA:17,14
DA:19,14
DA:27,1
DA:36,14
DA:38,2
DA:40,2
DA:46,4
DA:52,2
DA:58,3
DA:67,1
DA:72,2
LF:12
LH:12
BRDA:36,0,0,12
BRF:1
BRH:1
end_of_record
TN:
SF:src/routers/recommendationRouter.ts
FNF:0
FNH:0
DA:4,1
DA:6,1
DA:7,1
DA:8,1
DA:9,1
DA:10,1
DA:11,1
DA:12,1
LF:8
LH:8
BRF:0
BRH:0
end_of_record
TN:
SF:src/schemas/recommendationsSchemas.ts
FNF:0
FNH:0
DA:4,1
DA:6,1
LF:2
LH:2
BRF:0
BRH:0
end_of_record
TN:
SF:src/services/recommendationsService.ts
FN:7,insert
FN:17,upvote
FN:23,downvote
FN:36,getByIdOrFail
FN:43,get
FN:47,getTop
FN:51,getRandom
FN:64,getByScore
FN:77,getScoreFilter
FNF:9
FNH:9
FNDA:4,insert
FNDA:2,upvote
FNDA:4,downvote
FNDA:9,getByIdOrFail
FNDA:10,get
FNDA:2,getTop
FNDA:4,getRandom
FNDA:4,getByScore
FNDA:4,getScoreFilter
DA:8,4
DA:11,4
DA:12,2
DA:14,2
DA:18,2
DA:20,2
DA:24,4
DA:26,4
DA:31,4
DA:32,2
DA:37,9
DA:38,9
DA:40,8
DA:44,10
DA:48,2
DA:52,4
DA:53,4
DA:55,4
DA:56,2
DA:57,1
DA:60,1
DA:61,1
DA:65,4
DA:70,4
DA:71,1
DA:74,3
DA:78,4
DA:79,3
DA:82,1
DA:85,2
LF:30
LH:30
BRDA:11,0,0,2
BRDA:31,1,0,2
BRDA:38,2,0,1
BRDA:56,3,0,1
BRDA:70,4,0,1
BRDA:78,5,0,3
BRF:6
BRH:6
end_of_record
TN:
SF:src/utils/errorUtils.ts
FN:7,isAppError
FN:11,errorTypeToStatusCode
FN:19,conflictError
FN:23,notFoundError
FN:27,unauthorizedError
FN:31,wrongSchemaError
FNF:6
FNH:5
FNDA:5,isAppError
FNDA:5,errorTypeToStatusCode
FNDA:2,conflictError
FNDA:2,notFoundError
FNDA:0,unauthorizedError
FNDA:3,wrongSchemaError
DA:8,5
DA:12,5
DA:13,4
DA:14,3
DA:15,3
DA:16,0
DA:20,2
DA:24,2
DA:28,0
DA:32,3
LF:10
LH:8
BRDA:12,0,0,1
BRDA:13,1,0,1
BRDA:14,2,0,0
BRDA:15,3,0,3
BRDA:20,4,0,2
BRDA:20,4,1,0
BRDA:20,5,0,2
BRDA:20,5,1,2
BRDA:24,6,0,0
BRDA:24,6,1,2
BRDA:24,7,0,2
BRDA:24,7,1,2
BRDA:28,8,0,0
BRDA:28,8,1,0
BRDA:28,9,0,0
BRDA:28,9,1,0
BRDA:32,10,0,0
BRDA:32,10,1,3
BRDA:32,11,0,3
BRDA:32,11,1,3
BRF:20
BRH:12
end_of_record
TN:
SF:tests/factories/configureDBFactory.ts
FN:5,clearDB
FN:12,createManyRecommendations
FN:20,createManyRandomRecommendations
FNF:3
FNH:3
FNDA:14,clearDB
FNDA:1,createManyRecommendations
FNDA:2,createManyRandomRecommendations
DA:6,14
DA:13,1
DA:14,11
DA:15,11
DA:16,11
DA:21,2
DA:22,15
LF:7
LH:7
BRF:0
BRH:0
end_of_record
TN:
SF:tests/factories/recommendationsFactory.ts
FN:5,createRecomendationRandomScore
FN:16,createRecomendationWithDefinedScore
FN:27,createRecomendationWithDefinedName
FN:37,createRecomendation
FNF:4
FNH:4
FNDA:15,createRecomendationRandomScore
FNDA:2,createRecomendationWithDefinedScore
FNDA:2,createRecomendationWithDefinedName
FNDA:12,createRecomendation
DA:6,15
DA:13,15
DA:17,2
DA:24,2
DA:28,2
DA:34,2
DA:38,12
DA:44,12
LF:8
LH:8
BRF:0
BRH:0
end_of_record
